{"Z:\\Cosmik AI\\App Bubble\\social-network-lite\\backend\\src\\features\\auth\\auth.controller.ts": {"path":"Z:\\Cosmik AI\\App Bubble\\social-network-lite\\backend\\src\\features\\auth\\auth.controller.ts","statementMap":{"0":{"start":{"line":6,"column":0},"end":{"line":6,"column":53}},"1":{"start":{"line":7,"column":0},"end":{"line":7,"column":null}},"2":{"start":{"line":31,"column":2},"end":{"line":61,"column":4}},"3":{"start":{"line":32,"column":4},"end":{"line":60,"column":5}},"4":{"start":{"line":34,"column":21},"end":{"line":34,"column":42}},"5":{"start":{"line":35,"column":6},"end":{"line":38,"column":7}},"6":{"start":{"line":36,"column":8},"end":{"line":36,"column":57}},"7":{"start":{"line":37,"column":8},"end":{"line":37,"column":15}},"8":{"start":{"line":41,"column":44},"end":{"line":46,"column":8}},"9":{"start":{"line":49,"column":21},"end":{"line":49,"column":62}},"10":{"start":{"line":52,"column":6},"end":{"line":52,"column":35}},"11":{"start":{"line":55,"column":6},"end":{"line":59,"column":7}},"12":{"start":{"line":56,"column":8},"end":{"line":56,"column":57}},"13":{"start":{"line":58,"column":8},"end":{"line":58,"column":74}},"14":{"start":{"line":68,"column":2},"end":{"line":96,"column":4}},"15":{"start":{"line":69,"column":4},"end":{"line":95,"column":5}},"16":{"start":{"line":71,"column":21},"end":{"line":71,"column":42}},"17":{"start":{"line":72,"column":6},"end":{"line":75,"column":7}},"18":{"start":{"line":73,"column":8},"end":{"line":73,"column":57}},"19":{"start":{"line":74,"column":8},"end":{"line":74,"column":15}},"20":{"start":{"line":78,"column":42},"end":{"line":81,"column":8}},"21":{"start":{"line":84,"column":21},"end":{"line":84,"column":60}},"22":{"start":{"line":87,"column":6},"end":{"line":87,"column":35}},"23":{"start":{"line":90,"column":6},"end":{"line":94,"column":7}},"24":{"start":{"line":91,"column":8},"end":{"line":91,"column":57}},"25":{"start":{"line":93,"column":8},"end":{"line":93,"column":74}},"26":{"start":{"line":103,"column":2},"end":{"line":124,"column":4}},"27":{"start":{"line":104,"column":4},"end":{"line":123,"column":5}},"28":{"start":{"line":106,"column":6},"end":{"line":109,"column":7}},"29":{"start":{"line":107,"column":8},"end":{"line":107,"column":69}},"30":{"start":{"line":108,"column":8},"end":{"line":108,"column":15}},"31":{"start":{"line":112,"column":19},"end":{"line":112,"column":73}},"32":{"start":{"line":115,"column":6},"end":{"line":115,"column":37}},"33":{"start":{"line":118,"column":6},"end":{"line":122,"column":7}},"34":{"start":{"line":119,"column":8},"end":{"line":119,"column":57}},"35":{"start":{"line":121,"column":8},"end":{"line":121,"column":74}},"36":{"start":{"line":23,"column":4},"end":{"line":23,"column":41}},"37":{"start":{"line":16,"column":0},"end":{"line":16,"column":13}}},"fnMap":{"0":{"name":"(anonymous_0)","decl":{"start":{"line":22,"column":2},"end":{"line":22,"column":null}},"loc":{"start":{"line":22,"column":2},"end":{"line":24,"column":3}}},"1":{"name":"(anonymous_1)","decl":{"start":{"line":31,"column":17},"end":{"line":31,"column":22}},"loc":{"start":{"line":31,"column":70},"end":{"line":61,"column":3}}},"2":{"name":"(anonymous_2)","decl":{"start":{"line":68,"column":14},"end":{"line":68,"column":19}},"loc":{"start":{"line":68,"column":67},"end":{"line":96,"column":3}}},"3":{"name":"(anonymous_3)","decl":{"start":{"line":103,"column":19},"end":{"line":103,"column":24}},"loc":{"start":{"line":103,"column":72},"end":{"line":124,"column":3}}}},"branchMap":{"0":{"loc":{"start":{"line":35,"column":6},"end":{"line":38,"column":7}},"type":"if","locations":[{"start":{"line":35,"column":6},"end":{"line":38,"column":7}}]},"1":{"loc":{"start":{"line":55,"column":6},"end":{"line":59,"column":7}},"type":"if","locations":[{"start":{"line":55,"column":6},"end":{"line":59,"column":7}},{"start":{"line":57,"column":13},"end":{"line":59,"column":7}}]},"2":{"loc":{"start":{"line":72,"column":6},"end":{"line":75,"column":7}},"type":"if","locations":[{"start":{"line":72,"column":6},"end":{"line":75,"column":7}}]},"3":{"loc":{"start":{"line":90,"column":6},"end":{"line":94,"column":7}},"type":"if","locations":[{"start":{"line":90,"column":6},"end":{"line":94,"column":7}},{"start":{"line":92,"column":13},"end":{"line":94,"column":7}}]},"4":{"loc":{"start":{"line":106,"column":6},"end":{"line":109,"column":7}},"type":"if","locations":[{"start":{"line":106,"column":6},"end":{"line":109,"column":7}}]},"5":{"loc":{"start":{"line":118,"column":6},"end":{"line":122,"column":7}},"type":"if","locations":[{"start":{"line":118,"column":6},"end":{"line":122,"column":7}},{"start":{"line":120,"column":13},"end":{"line":122,"column":7}}]}},"s":{"0":0,"1":0,"2":0,"3":0,"4":0,"5":0,"6":0,"7":0,"8":0,"9":0,"10":0,"11":0,"12":0,"13":0,"14":0,"15":0,"16":0,"17":0,"18":0,"19":0,"20":0,"21":0,"22":0,"23":0,"24":0,"25":0,"26":0,"27":0,"28":0,"29":0,"30":0,"31":0,"32":0,"33":0,"34":0,"35":0,"36":0,"37":0},"f":{"0":0,"1":0,"2":0,"3":0},"b":{"0":[0],"1":[0,0],"2":[0],"3":[0,0],"4":[0],"5":[0,0]}}
,"Z:\\Cosmik AI\\App Bubble\\social-network-lite\\backend\\src\\features\\auth\\auth.routes.ts": {"path":"Z:\\Cosmik AI\\App Bubble\\social-network-lite\\backend\\src\\features\\auth\\auth.routes.ts","statementMap":{"0":{"start":{"line":5,"column":0},"end":{"line":5,"column":33}},"1":{"start":{"line":6,"column":0},"end":{"line":6,"column":51}},"2":{"start":{"line":7,"column":0},"end":{"line":7,"column":72}},"3":{"start":{"line":8,"column":0},"end":{"line":8,"column":64}},"4":{"start":{"line":11,"column":19},"end":{"line":11,"column":27}},"5":{"start":{"line":12,"column":23},"end":{"line":12,"column":43}},"6":{"start":{"line":48,"column":0},"end":{"line":48,"column":78}},"7":{"start":{"line":78,"column":0},"end":{"line":78,"column":69}},"8":{"start":{"line":94,"column":0},"end":{"line":94,"column":67}},"9":{"start":{"line":96,"column":0},"end":{"line":96,"column":26}}},"fnMap":{},"branchMap":{},"s":{"0":0,"1":0,"2":0,"3":0,"4":0,"5":0,"6":0,"7":0,"8":0,"9":0},"f":{},"b":{}}
,"Z:\\Cosmik AI\\App Bubble\\social-network-lite\\backend\\src\\features\\auth\\auth.service.ts": {"path":"Z:\\Cosmik AI\\App Bubble\\social-network-lite\\backend\\src\\features\\auth\\auth.service.ts","statementMap":{"0":{"start":{"line":5,"column":0},"end":{"line":5,"column":30}},"1":{"start":{"line":6,"column":0},"end":{"line":6,"column":48}},"2":{"start":{"line":7,"column":0},"end":{"line":7,"column":78}},"3":{"start":{"line":8,"column":0},"end":{"line":8,"column":45}},"4":{"start":{"line":9,"column":0},"end":{"line":9,"column":49}},"5":{"start":{"line":47,"column":8},"end":{"line":47,"column":16}},"6":{"start":{"line":50,"column":27},"end":{"line":50,"column":58}},"7":{"start":{"line":53,"column":19},"end":{"line":53,"column":36}},"8":{"start":{"line":56,"column":4},"end":{"line":77,"column":5}},"9":{"start":{"line":58,"column":6},"end":{"line":66,"column":9}},"10":{"start":{"line":69,"column":22},"end":{"line":75,"column":8}},"11":{"start":{"line":76,"column":6},"end":{"line":76,"column":34}},"12":{"start":{"line":80,"column":18},"end":{"line":80,"column":56}},"13":{"start":{"line":82,"column":4},"end":{"line":91,"column":6}},"14":{"start":{"line":101,"column":32},"end":{"line":101,"column":41}},"15":{"start":{"line":104,"column":19},"end":{"line":104,"column":36}},"16":{"start":{"line":108,"column":4},"end":{"line":114,"column":5}},"17":{"start":{"line":109,"column":6},"end":{"line":111,"column":9}},"18":{"start":{"line":113,"column":6},"end":{"line":113,"column":55}},"19":{"start":{"line":117,"column":4},"end":{"line":119,"column":5}},"20":{"start":{"line":118,"column":6},"end":{"line":118,"column":51}},"21":{"start":{"line":122,"column":28},"end":{"line":122,"column":73}},"22":{"start":{"line":123,"column":4},"end":{"line":125,"column":5}},"23":{"start":{"line":124,"column":6},"end":{"line":124,"column":51}},"24":{"start":{"line":128,"column":18},"end":{"line":128,"column":56}},"25":{"start":{"line":130,"column":4},"end":{"line":139,"column":6}},"26":{"start":{"line":152,"column":19},"end":{"line":152,"column":36}},"27":{"start":{"line":156,"column":4},"end":{"line":162,"column":5}},"28":{"start":{"line":157,"column":6},"end":{"line":159,"column":9}},"29":{"start":{"line":161,"column":6},"end":{"line":161,"column":53}},"30":{"start":{"line":165,"column":4},"end":{"line":167,"column":5}},"31":{"start":{"line":166,"column":6},"end":{"line":166,"column":40}},"32":{"start":{"line":169,"column":4},"end":{"line":175,"column":6}},"33":{"start":{"line":185,"column":19},"end":{"line":185,"column":65}},"34":{"start":{"line":188,"column":4},"end":{"line":194,"column":6}},"35":{"start":{"line":38,"column":0},"end":{"line":38,"column":13}}},"fnMap":{"0":{"name":"(anonymous_1)","decl":{"start":{"line":44,"column":2},"end":{"line":44,"column":7}},"loc":{"start":{"line":44,"column":46},"end":{"line":92,"column":3}}},"1":{"name":"(anonymous_2)","decl":{"start":{"line":100,"column":2},"end":{"line":100,"column":7}},"loc":{"start":{"line":100,"column":41},"end":{"line":140,"column":3}}},"2":{"name":"(anonymous_3)","decl":{"start":{"line":148,"column":2},"end":{"line":148,"column":7}},"loc":{"start":{"line":149,"column":18},"end":{"line":176,"column":3}}},"3":{"name":"(anonymous_4)","decl":{"start":{"line":184,"column":10},"end":{"line":184,"column":23}},"loc":{"start":{"line":184,"column":56},"end":{"line":195,"column":3}}}},"branchMap":{"0":{"loc":{"start":{"line":56,"column":4},"end":{"line":77,"column":5}},"type":"if","locations":[{"start":{"line":56,"column":4},"end":{"line":77,"column":5}},{"start":{"line":67,"column":11},"end":{"line":77,"column":5}}]},"1":{"loc":{"start":{"line":108,"column":4},"end":{"line":114,"column":5}},"type":"if","locations":[{"start":{"line":108,"column":4},"end":{"line":114,"column":5}},{"start":{"line":112,"column":11},"end":{"line":114,"column":5}}]},"2":{"loc":{"start":{"line":117,"column":4},"end":{"line":119,"column":5}},"type":"if","locations":[{"start":{"line":117,"column":4},"end":{"line":119,"column":5}}]},"3":{"loc":{"start":{"line":123,"column":4},"end":{"line":125,"column":5}},"type":"if","locations":[{"start":{"line":123,"column":4},"end":{"line":125,"column":5}}]},"4":{"loc":{"start":{"line":156,"column":4},"end":{"line":162,"column":5}},"type":"if","locations":[{"start":{"line":156,"column":4},"end":{"line":162,"column":5}},{"start":{"line":160,"column":11},"end":{"line":162,"column":5}}]},"5":{"loc":{"start":{"line":165,"column":4},"end":{"line":167,"column":5}},"type":"if","locations":[{"start":{"line":165,"column":4},"end":{"line":167,"column":5}}]},"6":{"loc":{"start":{"line":185,"column":19},"end":{"line":185,"column":65}},"type":"binary-expr","locations":[{"start":{"line":185,"column":19},"end":{"line":185,"column":41}},{"start":{"line":185,"column":45},"end":{"line":185,"column":65}}]}},"s":{"0":0,"1":0,"2":0,"3":0,"4":0,"5":0,"6":0,"7":0,"8":0,"9":0,"10":0,"11":0,"12":0,"13":0,"14":0,"15":0,"16":0,"17":0,"18":0,"19":0,"20":0,"21":0,"22":0,"23":0,"24":0,"25":0,"26":0,"27":0,"28":0,"29":0,"30":0,"31":0,"32":0,"33":0,"34":0,"35":0},"f":{"0":0,"1":0,"2":0,"3":0},"b":{"0":[0,0],"1":[0,0],"2":[0],"3":[0],"4":[0,0],"5":[0],"6":[0,0]}}
,"Z:\\Cosmik AI\\App Bubble\\social-network-lite\\backend\\src\\features\\auth\\auth.validation.ts": {"path":"Z:\\Cosmik AI\\App Bubble\\social-network-lite\\backend\\src\\features\\auth\\auth.validation.ts","statementMap":{"0":{"start":{"line":5,"column":0},"end":{"line":5,"column":41}},"1":{"start":{"line":10,"column":13},"end":{"line":40,"column":2}},"2":{"start":{"line":45,"column":13},"end":{"line":55,"column":2}}},"fnMap":{},"branchMap":{},"s":{"0":0,"1":0,"2":0},"f":{},"b":{}}
,"Z:\\Cosmik AI\\App Bubble\\social-network-lite\\backend\\src\\features\\follow\\follow.controller.ts": {"path":"Z:\\Cosmik AI\\App Bubble\\social-network-lite\\backend\\src\\features\\follow\\follow.controller.ts","statementMap":{"0":{"start":{"line":6,"column":0},"end":{"line":6,"column":49}},"1":{"start":{"line":26,"column":2},"end":{"line":62,"column":4}},"2":{"start":{"line":27,"column":4},"end":{"line":61,"column":5}},"3":{"start":{"line":29,"column":6},"end":{"line":32,"column":7}},"4":{"start":{"line":30,"column":8},"end":{"line":30,"column":69}},"5":{"start":{"line":31,"column":8},"end":{"line":31,"column":15}},"6":{"start":{"line":34,"column":25},"end":{"line":34,"column":40}},"7":{"start":{"line":35,"column":26},"end":{"line":35,"column":43}},"8":{"start":{"line":38,"column":21},"end":{"line":40,"column":null}},"9":{"start":{"line":44,"column":6},"end":{"line":44,"column":35}},"10":{"start":{"line":47,"column":6},"end":{"line":60,"column":7}},"11":{"start":{"line":49,"column":8},"end":{"line":57,"column":9}},"12":{"start":{"line":50,"column":10},"end":{"line":50,"column":59}},"13":{"start":{"line":51,"column":15},"end":{"line":57,"column":9}},"14":{"start":{"line":52,"column":10},"end":{"line":52,"column":59}},"15":{"start":{"line":53,"column":15},"end":{"line":57,"column":9}},"16":{"start":{"line":54,"column":10},"end":{"line":54,"column":59}},"17":{"start":{"line":56,"column":10},"end":{"line":56,"column":59}},"18":{"start":{"line":59,"column":8},"end":{"line":59,"column":74}},"19":{"start":{"line":69,"column":2},"end":{"line":98,"column":4}},"20":{"start":{"line":70,"column":4},"end":{"line":97,"column":5}},"21":{"start":{"line":72,"column":6},"end":{"line":75,"column":7}},"22":{"start":{"line":73,"column":8},"end":{"line":73,"column":69}},"23":{"start":{"line":74,"column":8},"end":{"line":74,"column":15}},"24":{"start":{"line":77,"column":25},"end":{"line":77,"column":40}},"25":{"start":{"line":78,"column":26},"end":{"line":78,"column":43}},"26":{"start":{"line":81,"column":6},"end":{"line":81,"column":69}},"27":{"start":{"line":84,"column":6},"end":{"line":84,"column":28}},"28":{"start":{"line":87,"column":6},"end":{"line":96,"column":7}},"29":{"start":{"line":89,"column":8},"end":{"line":93,"column":9}},"30":{"start":{"line":90,"column":10},"end":{"line":90,"column":59}},"31":{"start":{"line":92,"column":10},"end":{"line":92,"column":59}},"32":{"start":{"line":95,"column":8},"end":{"line":95,"column":74}},"33":{"start":{"line":105,"column":2},"end":{"line":122,"column":4}},"34":{"start":{"line":106,"column":4},"end":{"line":121,"column":5}},"35":{"start":{"line":107,"column":25},"end":{"line":107,"column":35}},"36":{"start":{"line":110,"column":24},"end":{"line":110,"column":69}},"37":{"start":{"line":113,"column":6},"end":{"line":113,"column":38}},"38":{"start":{"line":116,"column":6},"end":{"line":120,"column":7}},"39":{"start":{"line":117,"column":8},"end":{"line":117,"column":57}},"40":{"start":{"line":119,"column":8},"end":{"line":119,"column":74}},"41":{"start":{"line":129,"column":2},"end":{"line":146,"column":4}},"42":{"start":{"line":130,"column":4},"end":{"line":145,"column":5}},"43":{"start":{"line":131,"column":25},"end":{"line":131,"column":35}},"44":{"start":{"line":134,"column":24},"end":{"line":134,"column":69}},"45":{"start":{"line":137,"column":6},"end":{"line":137,"column":38}},"46":{"start":{"line":140,"column":6},"end":{"line":144,"column":7}},"47":{"start":{"line":141,"column":8},"end":{"line":141,"column":57}},"48":{"start":{"line":143,"column":8},"end":{"line":143,"column":74}},"49":{"start":{"line":153,"column":2},"end":{"line":180,"column":4}},"50":{"start":{"line":154,"column":4},"end":{"line":179,"column":5}},"51":{"start":{"line":156,"column":6},"end":{"line":159,"column":7}},"52":{"start":{"line":157,"column":8},"end":{"line":157,"column":69}},"53":{"start":{"line":158,"column":8},"end":{"line":158,"column":15}},"54":{"start":{"line":161,"column":25},"end":{"line":161,"column":40}},"55":{"start":{"line":162,"column":26},"end":{"line":162,"column":43}},"56":{"start":{"line":165,"column":21},"end":{"line":167,"column":null}},"57":{"start":{"line":171,"column":6},"end":{"line":171,"column":35}},"58":{"start":{"line":174,"column":6},"end":{"line":178,"column":7}},"59":{"start":{"line":175,"column":8},"end":{"line":175,"column":57}},"60":{"start":{"line":177,"column":8},"end":{"line":177,"column":74}},"61":{"start":{"line":18,"column":4},"end":{"line":18,"column":45}},"62":{"start":{"line":11,"column":0},"end":{"line":11,"column":13}}},"fnMap":{"0":{"name":"(anonymous_0)","decl":{"start":{"line":17,"column":2},"end":{"line":17,"column":null}},"loc":{"start":{"line":17,"column":2},"end":{"line":19,"column":3}}},"1":{"name":"(anonymous_1)","decl":{"start":{"line":26,"column":15},"end":{"line":26,"column":20}},"loc":{"start":{"line":26,"column":68},"end":{"line":62,"column":3}}},"2":{"name":"(anonymous_2)","decl":{"start":{"line":69,"column":17},"end":{"line":69,"column":22}},"loc":{"start":{"line":69,"column":70},"end":{"line":98,"column":3}}},"3":{"name":"(anonymous_3)","decl":{"start":{"line":105,"column":17},"end":{"line":105,"column":22}},"loc":{"start":{"line":105,"column":70},"end":{"line":122,"column":3}}},"4":{"name":"(anonymous_4)","decl":{"start":{"line":129,"column":17},"end":{"line":129,"column":22}},"loc":{"start":{"line":129,"column":70},"end":{"line":146,"column":3}}},"5":{"name":"(anonymous_5)","decl":{"start":{"line":153,"column":22},"end":{"line":153,"column":27}},"loc":{"start":{"line":153,"column":75},"end":{"line":180,"column":3}}}},"branchMap":{"0":{"loc":{"start":{"line":29,"column":6},"end":{"line":32,"column":7}},"type":"if","locations":[{"start":{"line":29,"column":6},"end":{"line":32,"column":7}}]},"1":{"loc":{"start":{"line":47,"column":6},"end":{"line":60,"column":7}},"type":"if","locations":[{"start":{"line":47,"column":6},"end":{"line":60,"column":7}},{"start":{"line":58,"column":13},"end":{"line":60,"column":7}}]},"2":{"loc":{"start":{"line":49,"column":8},"end":{"line":57,"column":9}},"type":"if","locations":[{"start":{"line":49,"column":8},"end":{"line":57,"column":9}},{"start":{"line":51,"column":15},"end":{"line":57,"column":9}}]},"3":{"loc":{"start":{"line":51,"column":15},"end":{"line":57,"column":9}},"type":"if","locations":[{"start":{"line":51,"column":15},"end":{"line":57,"column":9}},{"start":{"line":53,"column":15},"end":{"line":57,"column":9}}]},"4":{"loc":{"start":{"line":53,"column":15},"end":{"line":57,"column":9}},"type":"if","locations":[{"start":{"line":53,"column":15},"end":{"line":57,"column":9}},{"start":{"line":55,"column":15},"end":{"line":57,"column":9}}]},"5":{"loc":{"start":{"line":72,"column":6},"end":{"line":75,"column":7}},"type":"if","locations":[{"start":{"line":72,"column":6},"end":{"line":75,"column":7}}]},"6":{"loc":{"start":{"line":87,"column":6},"end":{"line":96,"column":7}},"type":"if","locations":[{"start":{"line":87,"column":6},"end":{"line":96,"column":7}},{"start":{"line":94,"column":13},"end":{"line":96,"column":7}}]},"7":{"loc":{"start":{"line":89,"column":8},"end":{"line":93,"column":9}},"type":"if","locations":[{"start":{"line":89,"column":8},"end":{"line":93,"column":9}},{"start":{"line":91,"column":15},"end":{"line":93,"column":9}}]},"8":{"loc":{"start":{"line":116,"column":6},"end":{"line":120,"column":7}},"type":"if","locations":[{"start":{"line":116,"column":6},"end":{"line":120,"column":7}},{"start":{"line":118,"column":13},"end":{"line":120,"column":7}}]},"9":{"loc":{"start":{"line":140,"column":6},"end":{"line":144,"column":7}},"type":"if","locations":[{"start":{"line":140,"column":6},"end":{"line":144,"column":7}},{"start":{"line":142,"column":13},"end":{"line":144,"column":7}}]},"10":{"loc":{"start":{"line":156,"column":6},"end":{"line":159,"column":7}},"type":"if","locations":[{"start":{"line":156,"column":6},"end":{"line":159,"column":7}}]},"11":{"loc":{"start":{"line":174,"column":6},"end":{"line":178,"column":7}},"type":"if","locations":[{"start":{"line":174,"column":6},"end":{"line":178,"column":7}},{"start":{"line":176,"column":13},"end":{"line":178,"column":7}}]}},"s":{"0":1,"1":16,"2":5,"3":5,"4":0,"5":0,"6":5,"7":5,"8":5,"9":1,"10":4,"11":4,"12":1,"13":3,"14":1,"15":2,"16":1,"17":1,"18":0,"19":16,"20":3,"21":3,"22":0,"23":0,"24":3,"25":3,"26":3,"27":1,"28":2,"29":2,"30":1,"31":1,"32":0,"33":16,"34":3,"35":3,"36":3,"37":2,"38":1,"39":1,"40":0,"41":16,"42":3,"43":3,"44":3,"45":2,"46":1,"47":1,"48":0,"49":16,"50":2,"51":2,"52":0,"53":0,"54":2,"55":2,"56":2,"57":1,"58":1,"59":1,"60":0,"61":16,"62":1},"f":{"0":16,"1":5,"2":3,"3":3,"4":3,"5":2},"b":{"0":[0],"1":[4,0],"2":[1,3],"3":[1,2],"4":[1,1],"5":[0],"6":[2,0],"7":[1,1],"8":[1,0],"9":[1,0],"10":[0],"11":[1,0]}}
,"Z:\\Cosmik AI\\App Bubble\\social-network-lite\\backend\\src\\features\\follow\\follow.routes.ts": {"path":"Z:\\Cosmik AI\\App Bubble\\social-network-lite\\backend\\src\\features\\follow\\follow.routes.ts","statementMap":{"0":{"start":{"line":5,"column":0},"end":{"line":5,"column":33}},"1":{"start":{"line":6,"column":0},"end":{"line":6,"column":55}},"2":{"start":{"line":7,"column":0},"end":{"line":7,"column":64}},"3":{"start":{"line":10,"column":21},"end":{"line":10,"column":29}},"4":{"start":{"line":11,"column":25},"end":{"line":11,"column":47}},"5":{"start":{"line":39,"column":0},"end":{"line":39,"column":73}},"6":{"start":{"line":63,"column":0},"end":{"line":63,"column":77}},"7":{"start":{"line":81,"column":0},"end":{"line":81,"column":70}},"8":{"start":{"line":99,"column":0},"end":{"line":99,"column":70}},"9":{"start":{"line":128,"column":0},"end":{"line":132,"column":2}},"10":{"start":{"line":134,"column":0},"end":{"line":134,"column":28}}},"fnMap":{},"branchMap":{},"s":{"0":0,"1":0,"2":0,"3":0,"4":0,"5":0,"6":0,"7":0,"8":0,"9":0,"10":0},"f":{},"b":{}}
,"Z:\\Cosmik AI\\App Bubble\\social-network-lite\\backend\\src\\features\\follow\\follow.schema.ts": {"path":"Z:\\Cosmik AI\\App Bubble\\social-network-lite\\backend\\src\\features\\follow\\follow.schema.ts","statementMap":{"0":{"start":{"line":5,"column":0},"end":{"line":5,"column":54}},"1":{"start":{"line":20,"column":29},"end":{"line":36,"column":null}},"2":{"start":{"line":40,"column":0},"end":{"line":40,"column":68}},"3":{"start":{"line":43,"column":13},"end":{"line":43,"column":75}}},"fnMap":{},"branchMap":{},"s":{"0":1,"1":1,"2":1,"3":1},"f":{},"b":{}}
,"Z:\\Cosmik AI\\App Bubble\\social-network-lite\\backend\\src\\features\\follow\\follow.service.ts": {"path":"Z:\\Cosmik AI\\App Bubble\\social-network-lite\\backend\\src\\features\\follow\\follow.service.ts","statementMap":{"0":{"start":{"line":5,"column":0},"end":{"line":5,"column":93}},"1":{"start":{"line":6,"column":0},"end":{"line":6,"column":46}},"2":{"start":{"line":7,"column":0},"end":{"line":7,"column":49}},"3":{"start":{"line":8,"column":0},"end":{"line":8,"column":36}},"4":{"start":{"line":51,"column":19},"end":{"line":51,"column":36}},"5":{"start":{"line":54,"column":4},"end":{"line":56,"column":5}},"6":{"start":{"line":55,"column":6},"end":{"line":55,"column":52}},"7":{"start":{"line":60,"column":4},"end":{"line":78,"column":5}},"8":{"start":{"line":61,"column":6},"end":{"line":66,"column":9}},"9":{"start":{"line":67,"column":11},"end":{"line":78,"column":5}},"10":{"start":{"line":68,"column":6},"end":{"line":71,"column":16}},"11":{"start":{"line":74,"column":22},"end":{"line":74,"column":64}},"12":{"start":{"line":75,"column":6},"end":{"line":77,"column":8}},"13":{"start":{"line":76,"column":8},"end":{"line":76,"column":68}},"14":{"start":{"line":80,"column":4},"end":{"line":82,"column":5}},"15":{"start":{"line":81,"column":6},"end":{"line":81,"column":61}},"16":{"start":{"line":86,"column":4},"end":{"line":95,"column":5}},"17":{"start":{"line":87,"column":6},"end":{"line":89,"column":9}},"18":{"start":{"line":90,"column":11},"end":{"line":95,"column":5}},"19":{"start":{"line":91,"column":6},"end":{"line":91,"column":66}},"20":{"start":{"line":94,"column":6},"end":{"line":94,"column":58}},"21":{"start":{"line":97,"column":4},"end":{"line":99,"column":5}},"22":{"start":{"line":98,"column":6},"end":{"line":98,"column":50}},"23":{"start":{"line":103,"column":4},"end":{"line":158,"column":5}},"24":{"start":{"line":104,"column":6},"end":{"line":121,"column":27}},"25":{"start":{"line":122,"column":11},"end":{"line":158,"column":5}},"26":{"start":{"line":124,"column":29},"end":{"line":127,"column":8}},"27":{"start":{"line":130,"column":6},"end":{"line":135,"column":7}},"28":{"start":{"line":131,"column":8},"end":{"line":131,"column":57}},"29":{"start":{"line":132,"column":8},"end":{"line":132,"column":58}},"30":{"start":{"line":134,"column":8},"end":{"line":134,"column":67}},"31":{"start":{"line":138,"column":6},"end":{"line":145,"column":8}},"32":{"start":{"line":148,"column":23},"end":{"line":148,"column":31}},"33":{"start":{"line":149,"column":6},"end":{"line":156,"column":8}},"34":{"start":{"line":157,"column":6},"end":{"line":157,"column":50}},"35":{"start":{"line":160,"column":4},"end":{"line":160,"column":18}},"36":{"start":{"line":171,"column":19},"end":{"line":171,"column":36}},"37":{"start":{"line":175,"column":4},"end":{"line":197,"column":5}},"38":{"start":{"line":176,"column":6},"end":{"line":181,"column":9}},"39":{"start":{"line":182,"column":11},"end":{"line":197,"column":5}},"40":{"start":{"line":183,"column":6},"end":{"line":186,"column":16}},"41":{"start":{"line":189,"column":22},"end":{"line":189,"column":64}},"42":{"start":{"line":190,"column":23},"end":{"line":192,"column":11}},"43":{"start":{"line":191,"column":8},"end":{"line":191,"column":68}},"44":{"start":{"line":194,"column":6},"end":{"line":196,"column":7}},"45":{"start":{"line":195,"column":8},"end":{"line":195,"column":53}},"46":{"start":{"line":199,"column":4},"end":{"line":201,"column":5}},"47":{"start":{"line":200,"column":6},"end":{"line":200,"column":57}},"48":{"start":{"line":204,"column":4},"end":{"line":215,"column":5}},"49":{"start":{"line":205,"column":6},"end":{"line":209,"column":9}},"50":{"start":{"line":210,"column":11},"end":{"line":215,"column":5}},"51":{"start":{"line":211,"column":6},"end":{"line":211,"column":61}},"52":{"start":{"line":214,"column":6},"end":{"line":214,"column":46}},"53":{"start":{"line":217,"column":4},"end":{"line":217,"column":55}},"54":{"start":{"line":227,"column":19},"end":{"line":227,"column":36}},"55":{"start":{"line":229,"column":20},"end":{"line":229,"column":22}},"56":{"start":{"line":231,"column":4},"end":{"line":256,"column":5}},"57":{"start":{"line":232,"column":22},"end":{"line":239,"column":8}},"58":{"start":{"line":241,"column":6},"end":{"line":241,"column":65}},"59":{"start":{"line":241,"column":47},"end":{"line":241,"column":63}},"60":{"start":{"line":242,"column":11},"end":{"line":256,"column":5}},"61":{"start":{"line":243,"column":22},"end":{"line":245,"column":15}},"62":{"start":{"line":247,"column":6},"end":{"line":247,"column":65}},"63":{"start":{"line":247,"column":47},"end":{"line":247,"column":63}},"64":{"start":{"line":250,"column":22},"end":{"line":250,"column":64}},"65":{"start":{"line":251,"column":27},"end":{"line":253,"column":52}},"66":{"start":{"line":252,"column":36},"end":{"line":252,"column":64}},"67":{"start":{"line":253,"column":33},"end":{"line":253,"column":51}},"68":{"start":{"line":255,"column":6},"end":{"line":255,"column":86}},"69":{"start":{"line":255,"column":41},"end":{"line":255,"column":68}},"70":{"start":{"line":258,"column":4},"end":{"line":258,"column":21}},"71":{"start":{"line":268,"column":19},"end":{"line":268,"column":36}},"72":{"start":{"line":270,"column":20},"end":{"line":270,"column":22}},"73":{"start":{"line":272,"column":4},"end":{"line":297,"column":5}},"74":{"start":{"line":273,"column":22},"end":{"line":280,"column":8}},"75":{"start":{"line":282,"column":6},"end":{"line":282,"column":64}},"76":{"start":{"line":282,"column":47},"end":{"line":282,"column":62}},"77":{"start":{"line":283,"column":11},"end":{"line":297,"column":5}},"78":{"start":{"line":284,"column":22},"end":{"line":286,"column":15}},"79":{"start":{"line":288,"column":6},"end":{"line":288,"column":64}},"80":{"start":{"line":288,"column":47},"end":{"line":288,"column":62}},"81":{"start":{"line":291,"column":22},"end":{"line":291,"column":64}},"82":{"start":{"line":292,"column":26},"end":{"line":294,"column":51}},"83":{"start":{"line":293,"column":36},"end":{"line":293,"column":65}},"84":{"start":{"line":294,"column":33},"end":{"line":294,"column":50}},"85":{"start":{"line":296,"column":6},"end":{"line":296,"column":85}},"86":{"start":{"line":296,"column":40},"end":{"line":296,"column":67}},"87":{"start":{"line":299,"column":4},"end":{"line":299,"column":21}},"88":{"start":{"line":313,"column":19},"end":{"line":313,"column":36}},"89":{"start":{"line":315,"column":22},"end":{"line":315,"column":27}},"90":{"start":{"line":317,"column":4},"end":{"line":339,"column":5}},"91":{"start":{"line":318,"column":21},"end":{"line":323,"column":8}},"92":{"start":{"line":325,"column":6},"end":{"line":325,"column":29}},"93":{"start":{"line":326,"column":11},"end":{"line":339,"column":5}},"94":{"start":{"line":327,"column":21},"end":{"line":330,"column":15}},"95":{"start":{"line":332,"column":6},"end":{"line":332,"column":29}},"96":{"start":{"line":335,"column":22},"end":{"line":335,"column":64}},"97":{"start":{"line":336,"column":6},"end":{"line":338,"column":8}},"98":{"start":{"line":337,"column":28},"end":{"line":337,"column":98}},"99":{"start":{"line":341,"column":4},"end":{"line":341,"column":27}},"100":{"start":{"line":39,"column":0},"end":{"line":39,"column":13}}},"fnMap":{"0":{"name":"(anonymous_0)","decl":{"start":{"line":46,"column":2},"end":{"line":46,"column":7}},"loc":{"start":{"line":48,"column":23},"end":{"line":161,"column":3}}},"1":{"name":"(anonymous_1)","decl":{"start":{"line":75,"column":36},"end":{"line":75,"column":37}},"loc":{"start":{"line":76,"column":8},"end":{"line":76,"column":68}}},"2":{"name":"(anonymous_2)","decl":{"start":{"line":169,"column":2},"end":{"line":169,"column":7}},"loc":{"start":{"line":169,"column":60},"end":{"line":218,"column":3}}},"3":{"name":"(anonymous_3)","decl":{"start":{"line":190,"column":36},"end":{"line":190,"column":37}},"loc":{"start":{"line":191,"column":8},"end":{"line":191,"column":68}}},"4":{"name":"(anonymous_4)","decl":{"start":{"line":225,"column":2},"end":{"line":225,"column":7}},"loc":{"start":{"line":225,"column":35},"end":{"line":259,"column":3}}},"5":{"name":"(anonymous_5)","decl":{"start":{"line":241,"column":30},"end":{"line":241,"column":31}},"loc":{"start":{"line":241,"column":47},"end":{"line":241,"column":63}}},"6":{"name":"(anonymous_6)","decl":{"start":{"line":247,"column":30},"end":{"line":247,"column":31}},"loc":{"start":{"line":247,"column":47},"end":{"line":247,"column":63}}},"7":{"name":"(anonymous_7)","decl":{"start":{"line":252,"column":16},"end":{"line":252,"column":17}},"loc":{"start":{"line":252,"column":36},"end":{"line":252,"column":64}}},"8":{"name":"(anonymous_8)","decl":{"start":{"line":253,"column":13},"end":{"line":253,"column":14}},"loc":{"start":{"line":253,"column":33},"end":{"line":253,"column":51}}},"9":{"name":"(anonymous_9)","decl":{"start":{"line":255,"column":35},"end":{"line":255,"column":37}},"loc":{"start":{"line":255,"column":41},"end":{"line":255,"column":68}}},"10":{"name":"(anonymous_10)","decl":{"start":{"line":266,"column":2},"end":{"line":266,"column":7}},"loc":{"start":{"line":266,"column":35},"end":{"line":300,"column":3}}},"11":{"name":"(anonymous_11)","decl":{"start":{"line":282,"column":30},"end":{"line":282,"column":31}},"loc":{"start":{"line":282,"column":47},"end":{"line":282,"column":62}}},"12":{"name":"(anonymous_12)","decl":{"start":{"line":288,"column":30},"end":{"line":288,"column":31}},"loc":{"start":{"line":288,"column":47},"end":{"line":288,"column":62}}},"13":{"name":"(anonymous_13)","decl":{"start":{"line":293,"column":16},"end":{"line":293,"column":17}},"loc":{"start":{"line":293,"column":36},"end":{"line":293,"column":65}}},"14":{"name":"(anonymous_14)","decl":{"start":{"line":294,"column":13},"end":{"line":294,"column":14}},"loc":{"start":{"line":294,"column":33},"end":{"line":294,"column":50}}},"15":{"name":"(anonymous_15)","decl":{"start":{"line":296,"column":34},"end":{"line":296,"column":36}},"loc":{"start":{"line":296,"column":40},"end":{"line":296,"column":67}}},"16":{"name":"(anonymous_16)","decl":{"start":{"line":308,"column":2},"end":{"line":308,"column":7}},"loc":{"start":{"line":310,"column":23},"end":{"line":342,"column":3}}},"17":{"name":"(anonymous_17)","decl":{"start":{"line":337,"column":8},"end":{"line":337,"column":9}},"loc":{"start":{"line":337,"column":28},"end":{"line":337,"column":98}}}},"branchMap":{"0":{"loc":{"start":{"line":54,"column":4},"end":{"line":56,"column":5}},"type":"if","locations":[{"start":{"line":54,"column":4},"end":{"line":56,"column":5}}]},"1":{"loc":{"start":{"line":60,"column":4},"end":{"line":78,"column":5}},"type":"if","locations":[{"start":{"line":60,"column":4},"end":{"line":78,"column":5}},{"start":{"line":67,"column":11},"end":{"line":78,"column":5}}]},"2":{"loc":{"start":{"line":67,"column":11},"end":{"line":78,"column":5}},"type":"if","locations":[{"start":{"line":67,"column":11},"end":{"line":78,"column":5}},{"start":{"line":72,"column":11},"end":{"line":78,"column":5}}]},"3":{"loc":{"start":{"line":76,"column":8},"end":{"line":76,"column":68}},"type":"binary-expr","locations":[{"start":{"line":76,"column":8},"end":{"line":76,"column":35}},{"start":{"line":76,"column":39},"end":{"line":76,"column":68}}]},"4":{"loc":{"start":{"line":80,"column":4},"end":{"line":82,"column":5}},"type":"if","locations":[{"start":{"line":80,"column":4},"end":{"line":82,"column":5}}]},"5":{"loc":{"start":{"line":86,"column":4},"end":{"line":95,"column":5}},"type":"if","locations":[{"start":{"line":86,"column":4},"end":{"line":95,"column":5}},{"start":{"line":90,"column":11},"end":{"line":95,"column":5}}]},"6":{"loc":{"start":{"line":90,"column":11},"end":{"line":95,"column":5}},"type":"if","locations":[{"start":{"line":90,"column":11},"end":{"line":95,"column":5}},{"start":{"line":92,"column":11},"end":{"line":95,"column":5}}]},"7":{"loc":{"start":{"line":97,"column":4},"end":{"line":99,"column":5}},"type":"if","locations":[{"start":{"line":97,"column":4},"end":{"line":99,"column":5}}]},"8":{"loc":{"start":{"line":97,"column":8},"end":{"line":97,"column":55}},"type":"binary-expr","locations":[{"start":{"line":97,"column":8},"end":{"line":97,"column":21}},{"start":{"line":97,"column":25},"end":{"line":97,"column":55}}]},"9":{"loc":{"start":{"line":103,"column":4},"end":{"line":158,"column":5}},"type":"if","locations":[{"start":{"line":103,"column":4},"end":{"line":158,"column":5}},{"start":{"line":122,"column":11},"end":{"line":158,"column":5}}]},"10":{"loc":{"start":{"line":122,"column":11},"end":{"line":158,"column":5}},"type":"if","locations":[{"start":{"line":122,"column":11},"end":{"line":158,"column":5}},{"start":{"line":146,"column":11},"end":{"line":158,"column":5}}]},"11":{"loc":{"start":{"line":142,"column":19},"end":{"line":142,"column":52}},"type":"binary-expr","locations":[{"start":{"line":142,"column":19},"end":{"line":142,"column":38}},{"start":{"line":142,"column":42},"end":{"line":142,"column":52}}]},"12":{"loc":{"start":{"line":175,"column":4},"end":{"line":197,"column":5}},"type":"if","locations":[{"start":{"line":175,"column":4},"end":{"line":197,"column":5}},{"start":{"line":182,"column":11},"end":{"line":197,"column":5}}]},"13":{"loc":{"start":{"line":182,"column":11},"end":{"line":197,"column":5}},"type":"if","locations":[{"start":{"line":182,"column":11},"end":{"line":197,"column":5}},{"start":{"line":187,"column":11},"end":{"line":197,"column":5}}]},"14":{"loc":{"start":{"line":191,"column":8},"end":{"line":191,"column":68}},"type":"binary-expr","locations":[{"start":{"line":191,"column":8},"end":{"line":191,"column":35}},{"start":{"line":191,"column":39},"end":{"line":191,"column":68}}]},"15":{"loc":{"start":{"line":194,"column":6},"end":{"line":196,"column":7}},"type":"if","locations":[{"start":{"line":194,"column":6},"end":{"line":196,"column":7}}]},"16":{"loc":{"start":{"line":199,"column":4},"end":{"line":201,"column":5}},"type":"if","locations":[{"start":{"line":199,"column":4},"end":{"line":201,"column":5}}]},"17":{"loc":{"start":{"line":204,"column":4},"end":{"line":215,"column":5}},"type":"if","locations":[{"start":{"line":204,"column":4},"end":{"line":215,"column":5}},{"start":{"line":210,"column":11},"end":{"line":215,"column":5}}]},"18":{"loc":{"start":{"line":210,"column":11},"end":{"line":215,"column":5}},"type":"if","locations":[{"start":{"line":210,"column":11},"end":{"line":215,"column":5}},{"start":{"line":212,"column":11},"end":{"line":215,"column":5}}]},"19":{"loc":{"start":{"line":231,"column":4},"end":{"line":256,"column":5}},"type":"if","locations":[{"start":{"line":231,"column":4},"end":{"line":256,"column":5}},{"start":{"line":242,"column":11},"end":{"line":256,"column":5}}]},"20":{"loc":{"start":{"line":242,"column":11},"end":{"line":256,"column":5}},"type":"if","locations":[{"start":{"line":242,"column":11},"end":{"line":256,"column":5}},{"start":{"line":248,"column":11},"end":{"line":256,"column":5}}]},"21":{"loc":{"start":{"line":272,"column":4},"end":{"line":297,"column":5}},"type":"if","locations":[{"start":{"line":272,"column":4},"end":{"line":297,"column":5}},{"start":{"line":283,"column":11},"end":{"line":297,"column":5}}]},"22":{"loc":{"start":{"line":283,"column":11},"end":{"line":297,"column":5}},"type":"if","locations":[{"start":{"line":283,"column":11},"end":{"line":297,"column":5}},{"start":{"line":289,"column":11},"end":{"line":297,"column":5}}]},"23":{"loc":{"start":{"line":317,"column":4},"end":{"line":339,"column":5}},"type":"if","locations":[{"start":{"line":317,"column":4},"end":{"line":339,"column":5}},{"start":{"line":326,"column":11},"end":{"line":339,"column":5}}]},"24":{"loc":{"start":{"line":326,"column":11},"end":{"line":339,"column":5}},"type":"if","locations":[{"start":{"line":326,"column":11},"end":{"line":339,"column":5}},{"start":{"line":333,"column":11},"end":{"line":339,"column":5}}]},"25":{"loc":{"start":{"line":337,"column":28},"end":{"line":337,"column":98}},"type":"binary-expr","locations":[{"start":{"line":337,"column":28},"end":{"line":337,"column":60}},{"start":{"line":337,"column":64},"end":{"line":337,"column":98}}]}},"s":{"0":1,"1":1,"2":1,"3":1,"4":0,"5":0,"6":0,"7":0,"8":0,"9":0,"10":0,"11":0,"12":0,"13":0,"14":0,"15":0,"16":0,"17":0,"18":0,"19":0,"20":0,"21":0,"22":0,"23":0,"24":0,"25":0,"26":0,"27":0,"28":0,"29":0,"30":0,"31":0,"32":0,"33":0,"34":0,"35":0,"36":0,"37":0,"38":0,"39":0,"40":0,"41":0,"42":0,"43":0,"44":0,"45":0,"46":0,"47":0,"48":0,"49":0,"50":0,"51":0,"52":0,"53":0,"54":0,"55":0,"56":0,"57":0,"58":0,"59":0,"60":0,"61":0,"62":0,"63":0,"64":0,"65":0,"66":0,"67":0,"68":0,"69":0,"70":0,"71":0,"72":0,"73":0,"74":0,"75":0,"76":0,"77":0,"78":0,"79":0,"80":0,"81":0,"82":0,"83":0,"84":0,"85":0,"86":0,"87":0,"88":0,"89":0,"90":0,"91":0,"92":0,"93":0,"94":0,"95":0,"96":0,"97":0,"98":0,"99":0,"100":1},"f":{"0":0,"1":0,"2":0,"3":0,"4":0,"5":0,"6":0,"7":0,"8":0,"9":0,"10":0,"11":0,"12":0,"13":0,"14":0,"15":0,"16":0,"17":0},"b":{"0":[0],"1":[0,0],"2":[0,0],"3":[0,0],"4":[0],"5":[0,0],"6":[0,0],"7":[0],"8":[0,0],"9":[0,0],"10":[0,0],"11":[0,0],"12":[0,0],"13":[0,0],"14":[0,0],"15":[0],"16":[0],"17":[0,0],"18":[0,0],"19":[0,0],"20":[0,0],"21":[0,0],"22":[0,0],"23":[0,0],"24":[0,0],"25":[0,0]}}
,"Z:\\Cosmik AI\\App Bubble\\social-network-lite\\backend\\src\\features\\posts\\post.controller.ts": {"path":"Z:\\Cosmik AI\\App Bubble\\social-network-lite\\backend\\src\\features\\posts\\post.controller.ts","statementMap":{"0":{"start":{"line":6,"column":0},"end":{"line":6,"column":53}},"1":{"start":{"line":7,"column":0},"end":{"line":7,"column":null}},"2":{"start":{"line":31,"column":2},"end":{"line":65,"column":4}},"3":{"start":{"line":32,"column":4},"end":{"line":64,"column":5}},"4":{"start":{"line":34,"column":21},"end":{"line":34,"column":42}},"5":{"start":{"line":35,"column":6},"end":{"line":38,"column":7}},"6":{"start":{"line":36,"column":8},"end":{"line":36,"column":57}},"7":{"start":{"line":37,"column":8},"end":{"line":37,"column":15}},"8":{"start":{"line":41,"column":6},"end":{"line":44,"column":7}},"9":{"start":{"line":42,"column":8},"end":{"line":42,"column":69}},"10":{"start":{"line":43,"column":8},"end":{"line":43,"column":15}},"11":{"start":{"line":47,"column":42},"end":{"line":50,"column":8}},"12":{"start":{"line":53,"column":21},"end":{"line":53,"column":64}},"13":{"start":{"line":56,"column":6},"end":{"line":56,"column":35}},"14":{"start":{"line":59,"column":6},"end":{"line":63,"column":7}},"15":{"start":{"line":60,"column":8},"end":{"line":60,"column":57}},"16":{"start":{"line":62,"column":8},"end":{"line":62,"column":74}},"17":{"start":{"line":72,"column":2},"end":{"line":91,"column":4}},"18":{"start":{"line":73,"column":4},"end":{"line":90,"column":5}},"19":{"start":{"line":74,"column":21},"end":{"line":74,"column":34}},"20":{"start":{"line":77,"column":19},"end":{"line":77,"column":61}},"21":{"start":{"line":80,"column":6},"end":{"line":80,"column":33}},"22":{"start":{"line":83,"column":6},"end":{"line":89,"column":7}},"23":{"start":{"line":84,"column":8},"end":{"line":84,"column":57}},"24":{"start":{"line":85,"column":13},"end":{"line":89,"column":7}},"25":{"start":{"line":86,"column":8},"end":{"line":86,"column":57}},"26":{"start":{"line":88,"column":8},"end":{"line":88,"column":74}},"27":{"start":{"line":98,"column":2},"end":{"line":115,"column":4}},"28":{"start":{"line":99,"column":4},"end":{"line":114,"column":5}},"29":{"start":{"line":100,"column":25},"end":{"line":100,"column":35}},"30":{"start":{"line":103,"column":20},"end":{"line":103,"column":63}},"31":{"start":{"line":106,"column":6},"end":{"line":106,"column":34}},"32":{"start":{"line":109,"column":6},"end":{"line":113,"column":7}},"33":{"start":{"line":110,"column":8},"end":{"line":110,"column":57}},"34":{"start":{"line":112,"column":8},"end":{"line":112,"column":74}},"35":{"start":{"line":122,"column":2},"end":{"line":143,"column":4}},"36":{"start":{"line":123,"column":4},"end":{"line":142,"column":5}},"37":{"start":{"line":125,"column":6},"end":{"line":128,"column":7}},"38":{"start":{"line":126,"column":8},"end":{"line":126,"column":69}},"39":{"start":{"line":127,"column":8},"end":{"line":127,"column":15}},"40":{"start":{"line":131,"column":20},"end":{"line":131,"column":72}},"41":{"start":{"line":134,"column":6},"end":{"line":134,"column":34}},"42":{"start":{"line":137,"column":6},"end":{"line":141,"column":7}},"43":{"start":{"line":138,"column":8},"end":{"line":138,"column":57}},"44":{"start":{"line":140,"column":8},"end":{"line":140,"column":74}},"45":{"start":{"line":150,"column":2},"end":{"line":197,"column":4}},"46":{"start":{"line":151,"column":4},"end":{"line":196,"column":5}},"47":{"start":{"line":153,"column":21},"end":{"line":153,"column":42}},"48":{"start":{"line":154,"column":6},"end":{"line":157,"column":7}},"49":{"start":{"line":155,"column":8},"end":{"line":155,"column":57}},"50":{"start":{"line":156,"column":8},"end":{"line":156,"column":15}},"51":{"start":{"line":160,"column":6},"end":{"line":163,"column":7}},"52":{"start":{"line":161,"column":8},"end":{"line":161,"column":69}},"53":{"start":{"line":162,"column":8},"end":{"line":162,"column":15}},"54":{"start":{"line":165,"column":21},"end":{"line":165,"column":34}},"55":{"start":{"line":166,"column":25},"end":{"line":166,"column":33}},"56":{"start":{"line":169,"column":44},"end":{"line":171,"column":8}},"57":{"start":{"line":174,"column":26},"end":{"line":177,"column":null}},"58":{"start":{"line":181,"column":6},"end":{"line":181,"column":40}},"59":{"start":{"line":184,"column":6},"end":{"line":195,"column":7}},"60":{"start":{"line":185,"column":8},"end":{"line":185,"column":57}},"61":{"start":{"line":186,"column":13},"end":{"line":195,"column":7}},"62":{"start":{"line":190,"column":8},"end":{"line":190,"column":57}},"63":{"start":{"line":191,"column":13},"end":{"line":195,"column":7}},"64":{"start":{"line":192,"column":8},"end":{"line":192,"column":57}},"65":{"start":{"line":194,"column":8},"end":{"line":194,"column":74}},"66":{"start":{"line":204,"column":2},"end":{"line":235,"column":4}},"67":{"start":{"line":205,"column":4},"end":{"line":234,"column":5}},"68":{"start":{"line":207,"column":6},"end":{"line":210,"column":7}},"69":{"start":{"line":208,"column":8},"end":{"line":208,"column":69}},"70":{"start":{"line":209,"column":8},"end":{"line":209,"column":15}},"71":{"start":{"line":212,"column":21},"end":{"line":212,"column":34}},"72":{"start":{"line":213,"column":25},"end":{"line":213,"column":33}},"73":{"start":{"line":216,"column":6},"end":{"line":216,"column":56}},"74":{"start":{"line":219,"column":6},"end":{"line":219,"column":28}},"75":{"start":{"line":222,"column":6},"end":{"line":233,"column":7}},"76":{"start":{"line":223,"column":8},"end":{"line":223,"column":57}},"77":{"start":{"line":224,"column":13},"end":{"line":233,"column":7}},"78":{"start":{"line":228,"column":8},"end":{"line":228,"column":57}},"79":{"start":{"line":229,"column":13},"end":{"line":233,"column":7}},"80":{"start":{"line":230,"column":8},"end":{"line":230,"column":57}},"81":{"start":{"line":232,"column":8},"end":{"line":232,"column":74}},"82":{"start":{"line":23,"column":4},"end":{"line":23,"column":41}},"83":{"start":{"line":16,"column":0},"end":{"line":16,"column":13}}},"fnMap":{"0":{"name":"(anonymous_0)","decl":{"start":{"line":22,"column":2},"end":{"line":22,"column":null}},"loc":{"start":{"line":22,"column":2},"end":{"line":24,"column":3}}},"1":{"name":"(anonymous_1)","decl":{"start":{"line":31,"column":15},"end":{"line":31,"column":20}},"loc":{"start":{"line":31,"column":68},"end":{"line":65,"column":3}}},"2":{"name":"(anonymous_2)","decl":{"start":{"line":72,"column":16},"end":{"line":72,"column":21}},"loc":{"start":{"line":72,"column":69},"end":{"line":91,"column":3}}},"3":{"name":"(anonymous_3)","decl":{"start":{"line":98,"column":17},"end":{"line":98,"column":22}},"loc":{"start":{"line":98,"column":70},"end":{"line":115,"column":3}}},"4":{"name":"(anonymous_4)","decl":{"start":{"line":122,"column":17},"end":{"line":122,"column":22}},"loc":{"start":{"line":122,"column":70},"end":{"line":143,"column":3}}},"5":{"name":"(anonymous_5)","decl":{"start":{"line":150,"column":15},"end":{"line":150,"column":20}},"loc":{"start":{"line":150,"column":68},"end":{"line":197,"column":3}}},"6":{"name":"(anonymous_6)","decl":{"start":{"line":204,"column":15},"end":{"line":204,"column":20}},"loc":{"start":{"line":204,"column":68},"end":{"line":235,"column":3}}}},"branchMap":{"0":{"loc":{"start":{"line":35,"column":6},"end":{"line":38,"column":7}},"type":"if","locations":[{"start":{"line":35,"column":6},"end":{"line":38,"column":7}}]},"1":{"loc":{"start":{"line":41,"column":6},"end":{"line":44,"column":7}},"type":"if","locations":[{"start":{"line":41,"column":6},"end":{"line":44,"column":7}}]},"2":{"loc":{"start":{"line":59,"column":6},"end":{"line":63,"column":7}},"type":"if","locations":[{"start":{"line":59,"column":6},"end":{"line":63,"column":7}},{"start":{"line":61,"column":13},"end":{"line":63,"column":7}}]},"3":{"loc":{"start":{"line":83,"column":6},"end":{"line":89,"column":7}},"type":"if","locations":[{"start":{"line":83,"column":6},"end":{"line":89,"column":7}},{"start":{"line":85,"column":13},"end":{"line":89,"column":7}}]},"4":{"loc":{"start":{"line":83,"column":10},"end":{"line":83,"column":70}},"type":"binary-expr","locations":[{"start":{"line":83,"column":10},"end":{"line":83,"column":32}},{"start":{"line":83,"column":36},"end":{"line":83,"column":70}}]},"5":{"loc":{"start":{"line":85,"column":13},"end":{"line":89,"column":7}},"type":"if","locations":[{"start":{"line":85,"column":13},"end":{"line":89,"column":7}},{"start":{"line":87,"column":13},"end":{"line":89,"column":7}}]},"6":{"loc":{"start":{"line":109,"column":6},"end":{"line":113,"column":7}},"type":"if","locations":[{"start":{"line":109,"column":6},"end":{"line":113,"column":7}},{"start":{"line":111,"column":13},"end":{"line":113,"column":7}}]},"7":{"loc":{"start":{"line":125,"column":6},"end":{"line":128,"column":7}},"type":"if","locations":[{"start":{"line":125,"column":6},"end":{"line":128,"column":7}}]},"8":{"loc":{"start":{"line":137,"column":6},"end":{"line":141,"column":7}},"type":"if","locations":[{"start":{"line":137,"column":6},"end":{"line":141,"column":7}},{"start":{"line":139,"column":13},"end":{"line":141,"column":7}}]},"9":{"loc":{"start":{"line":154,"column":6},"end":{"line":157,"column":7}},"type":"if","locations":[{"start":{"line":154,"column":6},"end":{"line":157,"column":7}}]},"10":{"loc":{"start":{"line":160,"column":6},"end":{"line":163,"column":7}},"type":"if","locations":[{"start":{"line":160,"column":6},"end":{"line":163,"column":7}}]},"11":{"loc":{"start":{"line":184,"column":6},"end":{"line":195,"column":7}},"type":"if","locations":[{"start":{"line":184,"column":6},"end":{"line":195,"column":7}},{"start":{"line":186,"column":13},"end":{"line":195,"column":7}}]},"12":{"loc":{"start":{"line":184,"column":10},"end":{"line":184,"column":70}},"type":"binary-expr","locations":[{"start":{"line":184,"column":10},"end":{"line":184,"column":32}},{"start":{"line":184,"column":36},"end":{"line":184,"column":70}}]},"13":{"loc":{"start":{"line":186,"column":13},"end":{"line":195,"column":7}},"type":"if","locations":[{"start":{"line":186,"column":13},"end":{"line":195,"column":7}},{"start":{"line":191,"column":13},"end":{"line":195,"column":7}}]},"14":{"loc":{"start":{"line":187,"column":8},"end":{"line":188,"column":65}},"type":"binary-expr","locations":[{"start":{"line":187,"column":8},"end":{"line":187,"column":30}},{"start":{"line":188,"column":11},"end":{"line":188,"column":65}}]},"15":{"loc":{"start":{"line":191,"column":13},"end":{"line":195,"column":7}},"type":"if","locations":[{"start":{"line":191,"column":13},"end":{"line":195,"column":7}},{"start":{"line":193,"column":13},"end":{"line":195,"column":7}}]},"16":{"loc":{"start":{"line":207,"column":6},"end":{"line":210,"column":7}},"type":"if","locations":[{"start":{"line":207,"column":6},"end":{"line":210,"column":7}}]},"17":{"loc":{"start":{"line":222,"column":6},"end":{"line":233,"column":7}},"type":"if","locations":[{"start":{"line":222,"column":6},"end":{"line":233,"column":7}},{"start":{"line":224,"column":13},"end":{"line":233,"column":7}}]},"18":{"loc":{"start":{"line":222,"column":10},"end":{"line":222,"column":70}},"type":"binary-expr","locations":[{"start":{"line":222,"column":10},"end":{"line":222,"column":32}},{"start":{"line":222,"column":36},"end":{"line":222,"column":70}}]},"19":{"loc":{"start":{"line":224,"column":13},"end":{"line":233,"column":7}},"type":"if","locations":[{"start":{"line":224,"column":13},"end":{"line":233,"column":7}},{"start":{"line":229,"column":13},"end":{"line":233,"column":7}}]},"20":{"loc":{"start":{"line":225,"column":8},"end":{"line":226,"column":65}},"type":"binary-expr","locations":[{"start":{"line":225,"column":8},"end":{"line":225,"column":30}},{"start":{"line":226,"column":11},"end":{"line":226,"column":65}}]},"21":{"loc":{"start":{"line":229,"column":13},"end":{"line":233,"column":7}},"type":"if","locations":[{"start":{"line":229,"column":13},"end":{"line":233,"column":7}},{"start":{"line":231,"column":13},"end":{"line":233,"column":7}}]}},"s":{"0":0,"1":0,"2":0,"3":0,"4":0,"5":0,"6":0,"7":0,"8":0,"9":0,"10":0,"11":0,"12":0,"13":0,"14":0,"15":0,"16":0,"17":0,"18":0,"19":0,"20":0,"21":0,"22":0,"23":0,"24":0,"25":0,"26":0,"27":0,"28":0,"29":0,"30":0,"31":0,"32":0,"33":0,"34":0,"35":0,"36":0,"37":0,"38":0,"39":0,"40":0,"41":0,"42":0,"43":0,"44":0,"45":0,"46":0,"47":0,"48":0,"49":0,"50":0,"51":0,"52":0,"53":0,"54":0,"55":0,"56":0,"57":0,"58":0,"59":0,"60":0,"61":0,"62":0,"63":0,"64":0,"65":0,"66":0,"67":0,"68":0,"69":0,"70":0,"71":0,"72":0,"73":0,"74":0,"75":0,"76":0,"77":0,"78":0,"79":0,"80":0,"81":0,"82":0,"83":0},"f":{"0":0,"1":0,"2":0,"3":0,"4":0,"5":0,"6":0},"b":{"0":[0],"1":[0],"2":[0,0],"3":[0,0],"4":[0,0],"5":[0,0],"6":[0,0],"7":[0],"8":[0,0],"9":[0],"10":[0],"11":[0,0],"12":[0,0],"13":[0,0],"14":[0,0],"15":[0,0],"16":[0],"17":[0,0],"18":[0,0],"19":[0,0],"20":[0,0],"21":[0,0]}}
,"Z:\\Cosmik AI\\App Bubble\\social-network-lite\\backend\\src\\features\\posts\\post.routes.ts": {"path":"Z:\\Cosmik AI\\App Bubble\\social-network-lite\\backend\\src\\features\\posts\\post.routes.ts","statementMap":{"0":{"start":{"line":5,"column":0},"end":{"line":5,"column":33}},"1":{"start":{"line":6,"column":0},"end":{"line":6,"column":51}},"2":{"start":{"line":7,"column":0},"end":{"line":7,"column":79}},"3":{"start":{"line":8,"column":0},"end":{"line":8,"column":64}},"4":{"start":{"line":11,"column":19},"end":{"line":11,"column":27}},"5":{"start":{"line":12,"column":23},"end":{"line":12,"column":43}},"6":{"start":{"line":41,"column":0},"end":{"line":46,"column":2}},"7":{"start":{"line":62,"column":0},"end":{"line":62,"column":67}},"8":{"start":{"line":80,"column":0},"end":{"line":80,"column":61}},"9":{"start":{"line":100,"column":0},"end":{"line":100,"column":51}},"10":{"start":{"line":139,"column":0},"end":{"line":144,"column":2}},"11":{"start":{"line":170,"column":0},"end":{"line":170,"column":67}},"12":{"start":{"line":172,"column":0},"end":{"line":172,"column":26}}},"fnMap":{},"branchMap":{},"s":{"0":0,"1":0,"2":0,"3":0,"4":0,"5":0,"6":0,"7":0,"8":0,"9":0,"10":0,"11":0,"12":0},"f":{},"b":{}}
,"Z:\\Cosmik AI\\App Bubble\\social-network-lite\\backend\\src\\features\\posts\\post.schema.ts": {"path":"Z:\\Cosmik AI\\App Bubble\\social-network-lite\\backend\\src\\features\\posts\\post.schema.ts","statementMap":{"0":{"start":{"line":5,"column":0},"end":{"line":5,"column":54}},"1":{"start":{"line":21,"column":27},"end":{"line":36,"column":null}},"2":{"start":{"line":40,"column":13},"end":{"line":40,"column":67}}},"fnMap":{},"branchMap":{},"s":{"0":0,"1":0,"2":0},"f":{},"b":{}}
,"Z:\\Cosmik AI\\App Bubble\\social-network-lite\\backend\\src\\features\\posts\\post.service.ts": {"path":"Z:\\Cosmik AI\\App Bubble\\social-network-lite\\backend\\src\\features\\posts\\post.service.ts","statementMap":{"0":{"start":{"line":5,"column":0},"end":{"line":5,"column":93}},"1":{"start":{"line":6,"column":0},"end":{"line":6,"column":42}},"2":{"start":{"line":7,"column":0},"end":{"line":7,"column":57}},"3":{"start":{"line":40,"column":4},"end":{"line":40,"column":45}},"4":{"start":{"line":49,"column":32},"end":{"line":49,"column":40}},"5":{"start":{"line":52,"column":19},"end":{"line":52,"column":36}},"6":{"start":{"line":55,"column":4},"end":{"line":100,"column":5}},"7":{"start":{"line":57,"column":6},"end":{"line":72,"column":9}},"8":{"start":{"line":73,"column":11},"end":{"line":100,"column":5}},"9":{"start":{"line":75,"column":22},"end":{"line":78,"column":8}},"10":{"start":{"line":79,"column":6},"end":{"line":79,"column":34}},"11":{"start":{"line":82,"column":6},"end":{"line":82,"column":68}},"12":{"start":{"line":85,"column":17},"end":{"line":85,"column":84}},"13":{"start":{"line":86,"column":6},"end":{"line":93,"column":8}},"14":{"start":{"line":96,"column":6},"end":{"line":98,"column":7}},"15":{"start":{"line":97,"column":8},"end":{"line":97,"column":40}},"16":{"start":{"line":99,"column":6},"end":{"line":99,"column":40}},"17":{"start":{"line":102,"column":4},"end":{"line":102,"column":41}},"18":{"start":{"line":113,"column":19},"end":{"line":113,"column":36}},"19":{"start":{"line":116,"column":4},"end":{"line":137,"column":5}},"20":{"start":{"line":117,"column":6},"end":{"line":129,"column":9}},"21":{"start":{"line":130,"column":11},"end":{"line":137,"column":5}},"22":{"start":{"line":131,"column":6},"end":{"line":133,"column":16}},"23":{"start":{"line":136,"column":6},"end":{"line":136,"column":46}},"24":{"start":{"line":139,"column":4},"end":{"line":141,"column":5}},"25":{"start":{"line":140,"column":6},"end":{"line":140,"column":40}},"26":{"start":{"line":143,"column":4},"end":{"line":143,"column":41}},"27":{"start":{"line":153,"column":19},"end":{"line":153,"column":36}},"28":{"start":{"line":156,"column":4},"end":{"line":185,"column":5}},"29":{"start":{"line":157,"column":6},"end":{"line":170,"column":9}},"30":{"start":{"line":171,"column":11},"end":{"line":185,"column":5}},"31":{"start":{"line":172,"column":6},"end":{"line":175,"column":16}},"32":{"start":{"line":178,"column":6},"end":{"line":180,"column":7}},"33":{"start":{"line":179,"column":8},"end":{"line":179,"column":18}},"34":{"start":{"line":182,"column":6},"end":{"line":184,"column":71}},"35":{"start":{"line":183,"column":24},"end":{"line":183,"column":46}},"36":{"start":{"line":184,"column":24},"end":{"line":184,"column":69}},"37":{"start":{"line":187,"column":4},"end":{"line":187,"column":62}},"38":{"start":{"line":187,"column":31},"end":{"line":187,"column":60}},"39":{"start":{"line":197,"column":19},"end":{"line":197,"column":36}},"40":{"start":{"line":200,"column":4},"end":{"line":253,"column":5}},"41":{"start":{"line":202,"column":6},"end":{"line":223,"column":9}},"42":{"start":{"line":224,"column":11},"end":{"line":253,"column":5}},"43":{"start":{"line":227,"column":28},"end":{"line":230,"column":8}},"44":{"start":{"line":232,"column":27},"end":{"line":232,"column":76}},"45":{"start":{"line":232,"column":57},"end":{"line":232,"column":75}},"46":{"start":{"line":235,"column":6},"end":{"line":238,"column":16}},"47":{"start":{"line":242,"column":24},"end":{"line":242,"column":69}},"48":{"start":{"line":243,"column":27},"end":{"line":243,"column":57}},"49":{"start":{"line":243,"column":49},"end":{"line":243,"column":56}},"50":{"start":{"line":245,"column":6},"end":{"line":247,"column":7}},"51":{"start":{"line":246,"column":8},"end":{"line":246,"column":18}},"52":{"start":{"line":250,"column":6},"end":{"line":252,"column":71}},"53":{"start":{"line":251,"column":24},"end":{"line":251,"column":58}},"54":{"start":{"line":252,"column":24},"end":{"line":252,"column":69}},"55":{"start":{"line":255,"column":4},"end":{"line":255,"column":62}},"56":{"start":{"line":255,"column":31},"end":{"line":255,"column":60}},"57":{"start":{"line":272,"column":19},"end":{"line":272,"column":36}},"58":{"start":{"line":276,"column":4},"end":{"line":285,"column":5}},"59":{"start":{"line":277,"column":6},"end":{"line":279,"column":9}},"60":{"start":{"line":280,"column":11},"end":{"line":285,"column":5}},"61":{"start":{"line":281,"column":6},"end":{"line":281,"column":53}},"62":{"start":{"line":284,"column":6},"end":{"line":284,"column":46}},"63":{"start":{"line":287,"column":4},"end":{"line":289,"column":5}},"64":{"start":{"line":288,"column":6},"end":{"line":288,"column":40}},"65":{"start":{"line":293,"column":4},"end":{"line":300,"column":5}},"66":{"start":{"line":294,"column":6},"end":{"line":294,"column":62}},"67":{"start":{"line":295,"column":11},"end":{"line":300,"column":5}},"68":{"start":{"line":296,"column":6},"end":{"line":296,"column":82}},"69":{"start":{"line":299,"column":6},"end":{"line":299,"column":31}},"70":{"start":{"line":302,"column":4},"end":{"line":304,"column":5}},"71":{"start":{"line":303,"column":6},"end":{"line":303,"column":60}},"72":{"start":{"line":308,"column":4},"end":{"line":342,"column":5}},"73":{"start":{"line":309,"column":6},"end":{"line":322,"column":9}},"74":{"start":{"line":323,"column":11},"end":{"line":342,"column":5}},"75":{"start":{"line":324,"column":6},"end":{"line":330,"column":16}},"76":{"start":{"line":333,"column":27},"end":{"line":333,"column":59}},"77":{"start":{"line":334,"column":6},"end":{"line":341,"column":7}},"78":{"start":{"line":335,"column":8},"end":{"line":339,"column":10}},"79":{"start":{"line":340,"column":8},"end":{"line":340,"column":54}},"80":{"start":{"line":344,"column":4},"end":{"line":344,"column":48}},"81":{"start":{"line":355,"column":19},"end":{"line":355,"column":36}},"82":{"start":{"line":359,"column":4},"end":{"line":368,"column":5}},"83":{"start":{"line":360,"column":6},"end":{"line":362,"column":9}},"84":{"start":{"line":363,"column":11},"end":{"line":368,"column":5}},"85":{"start":{"line":364,"column":6},"end":{"line":364,"column":53}},"86":{"start":{"line":367,"column":6},"end":{"line":367,"column":46}},"87":{"start":{"line":370,"column":4},"end":{"line":372,"column":5}},"88":{"start":{"line":371,"column":6},"end":{"line":371,"column":40}},"89":{"start":{"line":376,"column":4},"end":{"line":383,"column":5}},"90":{"start":{"line":377,"column":6},"end":{"line":377,"column":62}},"91":{"start":{"line":378,"column":11},"end":{"line":383,"column":5}},"92":{"start":{"line":379,"column":6},"end":{"line":379,"column":82}},"93":{"start":{"line":382,"column":6},"end":{"line":382,"column":31}},"94":{"start":{"line":385,"column":4},"end":{"line":387,"column":5}},"95":{"start":{"line":386,"column":6},"end":{"line":386,"column":60}},"96":{"start":{"line":390,"column":4},"end":{"line":399,"column":5}},"97":{"start":{"line":391,"column":6},"end":{"line":393,"column":9}},"98":{"start":{"line":394,"column":11},"end":{"line":399,"column":5}},"99":{"start":{"line":395,"column":6},"end":{"line":395,"column":55}},"100":{"start":{"line":398,"column":6},"end":{"line":398,"column":42}},"101":{"start":{"line":409,"column":19},"end":{"line":409,"column":36}},"102":{"start":{"line":411,"column":4},"end":{"line":467,"column":5}},"103":{"start":{"line":413,"column":6},"end":{"line":427,"column":8}},"104":{"start":{"line":428,"column":11},"end":{"line":467,"column":5}},"105":{"start":{"line":430,"column":22},"end":{"line":430,"column":60}},"106":{"start":{"line":432,"column":6},"end":{"line":449,"column":8}},"107":{"start":{"line":452,"column":6},"end":{"line":466,"column":8}},"108":{"start":{"line":36,"column":0},"end":{"line":36,"column":13}}},"fnMap":{"0":{"name":"(anonymous_0)","decl":{"start":{"line":39,"column":2},"end":{"line":39,"column":null}},"loc":{"start":{"line":39,"column":2},"end":{"line":41,"column":3}}},"1":{"name":"(anonymous_1)","decl":{"start":{"line":48,"column":2},"end":{"line":48,"column":7}},"loc":{"start":{"line":48,"column":46},"end":{"line":103,"column":3}}},"2":{"name":"(anonymous_2)","decl":{"start":{"line":111,"column":2},"end":{"line":111,"column":7}},"loc":{"start":{"line":111,"column":34},"end":{"line":144,"column":3}}},"3":{"name":"(anonymous_3)","decl":{"start":{"line":151,"column":2},"end":{"line":151,"column":7}},"loc":{"start":{"line":151,"column":35},"end":{"line":188,"column":3}}},"4":{"name":"(anonymous_4)","decl":{"start":{"line":183,"column":16},"end":{"line":183,"column":20}},"loc":{"start":{"line":183,"column":24},"end":{"line":183,"column":46}}},"5":{"name":"(anonymous_5)","decl":{"start":{"line":184,"column":14},"end":{"line":184,"column":15}},"loc":{"start":{"line":184,"column":24},"end":{"line":184,"column":69}}},"6":{"name":"(anonymous_6)","decl":{"start":{"line":187,"column":21},"end":{"line":187,"column":22}},"loc":{"start":{"line":187,"column":31},"end":{"line":187,"column":60}}},"7":{"name":"(anonymous_7)","decl":{"start":{"line":195,"column":2},"end":{"line":195,"column":7}},"loc":{"start":{"line":195,"column":35},"end":{"line":256,"column":3}}},"8":{"name":"(anonymous_8)","decl":{"start":{"line":232,"column":45},"end":{"line":232,"column":46}},"loc":{"start":{"line":232,"column":57},"end":{"line":232,"column":75}}},"9":{"name":"(anonymous_9)","decl":{"start":{"line":243,"column":41},"end":{"line":243,"column":45}},"loc":{"start":{"line":243,"column":49},"end":{"line":243,"column":56}}},"10":{"name":"(anonymous_10)","decl":{"start":{"line":251,"column":16},"end":{"line":251,"column":20}},"loc":{"start":{"line":251,"column":24},"end":{"line":251,"column":58}}},"11":{"name":"(anonymous_11)","decl":{"start":{"line":252,"column":14},"end":{"line":252,"column":15}},"loc":{"start":{"line":252,"column":24},"end":{"line":252,"column":69}}},"12":{"name":"(anonymous_12)","decl":{"start":{"line":255,"column":21},"end":{"line":255,"column":22}},"loc":{"start":{"line":255,"column":31},"end":{"line":255,"column":60}}},"13":{"name":"(anonymous_13)","decl":{"start":{"line":266,"column":2},"end":{"line":266,"column":7}},"loc":{"start":{"line":269,"column":33},"end":{"line":345,"column":3}}},"14":{"name":"(anonymous_14)","decl":{"start":{"line":353,"column":2},"end":{"line":353,"column":7}},"loc":{"start":{"line":353,"column":49},"end":{"line":400,"column":3}}},"15":{"name":"(anonymous_15)","decl":{"start":{"line":407,"column":10},"end":{"line":407,"column":28}},"loc":{"start":{"line":407,"column":38},"end":{"line":468,"column":3}}}},"branchMap":{"0":{"loc":{"start":{"line":55,"column":4},"end":{"line":100,"column":5}},"type":"if","locations":[{"start":{"line":55,"column":4},"end":{"line":100,"column":5}},{"start":{"line":73,"column":11},"end":{"line":100,"column":5}}]},"1":{"loc":{"start":{"line":73,"column":11},"end":{"line":100,"column":5}},"type":"if","locations":[{"start":{"line":73,"column":11},"end":{"line":100,"column":5}},{"start":{"line":83,"column":11},"end":{"line":100,"column":5}}]},"2":{"loc":{"start":{"line":96,"column":6},"end":{"line":98,"column":7}},"type":"if","locations":[{"start":{"line":96,"column":6},"end":{"line":98,"column":7}}]},"3":{"loc":{"start":{"line":116,"column":4},"end":{"line":137,"column":5}},"type":"if","locations":[{"start":{"line":116,"column":4},"end":{"line":137,"column":5}},{"start":{"line":130,"column":11},"end":{"line":137,"column":5}}]},"4":{"loc":{"start":{"line":130,"column":11},"end":{"line":137,"column":5}},"type":"if","locations":[{"start":{"line":130,"column":11},"end":{"line":137,"column":5}},{"start":{"line":134,"column":11},"end":{"line":137,"column":5}}]},"5":{"loc":{"start":{"line":139,"column":4},"end":{"line":141,"column":5}},"type":"if","locations":[{"start":{"line":139,"column":4},"end":{"line":141,"column":5}}]},"6":{"loc":{"start":{"line":156,"column":4},"end":{"line":185,"column":5}},"type":"if","locations":[{"start":{"line":156,"column":4},"end":{"line":185,"column":5}},{"start":{"line":171,"column":11},"end":{"line":185,"column":5}}]},"7":{"loc":{"start":{"line":171,"column":11},"end":{"line":185,"column":5}},"type":"if","locations":[{"start":{"line":171,"column":11},"end":{"line":185,"column":5}},{"start":{"line":176,"column":11},"end":{"line":185,"column":5}}]},"8":{"loc":{"start":{"line":178,"column":6},"end":{"line":180,"column":7}},"type":"if","locations":[{"start":{"line":178,"column":6},"end":{"line":180,"column":7}}]},"9":{"loc":{"start":{"line":200,"column":4},"end":{"line":253,"column":5}},"type":"if","locations":[{"start":{"line":200,"column":4},"end":{"line":253,"column":5}},{"start":{"line":224,"column":11},"end":{"line":253,"column":5}}]},"10":{"loc":{"start":{"line":224,"column":11},"end":{"line":253,"column":5}},"type":"if","locations":[{"start":{"line":224,"column":11},"end":{"line":253,"column":5}},{"start":{"line":239,"column":11},"end":{"line":253,"column":5}}]},"11":{"loc":{"start":{"line":245,"column":6},"end":{"line":247,"column":7}},"type":"if","locations":[{"start":{"line":245,"column":6},"end":{"line":247,"column":7}}]},"12":{"loc":{"start":{"line":276,"column":4},"end":{"line":285,"column":5}},"type":"if","locations":[{"start":{"line":276,"column":4},"end":{"line":285,"column":5}},{"start":{"line":280,"column":11},"end":{"line":285,"column":5}}]},"13":{"loc":{"start":{"line":280,"column":11},"end":{"line":285,"column":5}},"type":"if","locations":[{"start":{"line":280,"column":11},"end":{"line":285,"column":5}},{"start":{"line":282,"column":11},"end":{"line":285,"column":5}}]},"14":{"loc":{"start":{"line":287,"column":4},"end":{"line":289,"column":5}},"type":"if","locations":[{"start":{"line":287,"column":4},"end":{"line":289,"column":5}}]},"15":{"loc":{"start":{"line":293,"column":4},"end":{"line":300,"column":5}},"type":"if","locations":[{"start":{"line":293,"column":4},"end":{"line":300,"column":5}},{"start":{"line":295,"column":11},"end":{"line":300,"column":5}}]},"16":{"loc":{"start":{"line":294,"column":19},"end":{"line":294,"column":61}},"type":"cond-expr","locations":[{"start":{"line":294,"column":38},"end":{"line":294,"column":49}},{"start":{"line":294,"column":52},"end":{"line":294,"column":61}}]},"17":{"loc":{"start":{"line":295,"column":11},"end":{"line":300,"column":5}},"type":"if","locations":[{"start":{"line":295,"column":11},"end":{"line":300,"column":5}},{"start":{"line":297,"column":11},"end":{"line":300,"column":5}}]},"18":{"loc":{"start":{"line":296,"column":19},"end":{"line":296,"column":81}},"type":"cond-expr","locations":[{"start":{"line":296,"column":49},"end":{"line":296,"column":69}},{"start":{"line":296,"column":72},"end":{"line":296,"column":81}}]},"19":{"loc":{"start":{"line":296,"column":19},"end":{"line":296,"column":46}},"type":"binary-expr","locations":[{"start":{"line":296,"column":19},"end":{"line":296,"column":33}},{"start":{"line":296,"column":37},"end":{"line":296,"column":46}}]},"20":{"loc":{"start":{"line":302,"column":4},"end":{"line":304,"column":5}},"type":"if","locations":[{"start":{"line":302,"column":4},"end":{"line":304,"column":5}}]},"21":{"loc":{"start":{"line":308,"column":4},"end":{"line":342,"column":5}},"type":"if","locations":[{"start":{"line":308,"column":4},"end":{"line":342,"column":5}},{"start":{"line":323,"column":11},"end":{"line":342,"column":5}}]},"22":{"loc":{"start":{"line":323,"column":11},"end":{"line":342,"column":5}},"type":"if","locations":[{"start":{"line":323,"column":11},"end":{"line":342,"column":5}},{"start":{"line":331,"column":11},"end":{"line":342,"column":5}}]},"23":{"loc":{"start":{"line":334,"column":6},"end":{"line":341,"column":7}},"type":"if","locations":[{"start":{"line":334,"column":6},"end":{"line":341,"column":7}}]},"24":{"loc":{"start":{"line":359,"column":4},"end":{"line":368,"column":5}},"type":"if","locations":[{"start":{"line":359,"column":4},"end":{"line":368,"column":5}},{"start":{"line":363,"column":11},"end":{"line":368,"column":5}}]},"25":{"loc":{"start":{"line":363,"column":11},"end":{"line":368,"column":5}},"type":"if","locations":[{"start":{"line":363,"column":11},"end":{"line":368,"column":5}},{"start":{"line":365,"column":11},"end":{"line":368,"column":5}}]},"26":{"loc":{"start":{"line":370,"column":4},"end":{"line":372,"column":5}},"type":"if","locations":[{"start":{"line":370,"column":4},"end":{"line":372,"column":5}}]},"27":{"loc":{"start":{"line":376,"column":4},"end":{"line":383,"column":5}},"type":"if","locations":[{"start":{"line":376,"column":4},"end":{"line":383,"column":5}},{"start":{"line":378,"column":11},"end":{"line":383,"column":5}}]},"28":{"loc":{"start":{"line":377,"column":19},"end":{"line":377,"column":61}},"type":"cond-expr","locations":[{"start":{"line":377,"column":38},"end":{"line":377,"column":49}},{"start":{"line":377,"column":52},"end":{"line":377,"column":61}}]},"29":{"loc":{"start":{"line":378,"column":11},"end":{"line":383,"column":5}},"type":"if","locations":[{"start":{"line":378,"column":11},"end":{"line":383,"column":5}},{"start":{"line":380,"column":11},"end":{"line":383,"column":5}}]},"30":{"loc":{"start":{"line":379,"column":19},"end":{"line":379,"column":81}},"type":"cond-expr","locations":[{"start":{"line":379,"column":49},"end":{"line":379,"column":69}},{"start":{"line":379,"column":72},"end":{"line":379,"column":81}}]},"31":{"loc":{"start":{"line":379,"column":19},"end":{"line":379,"column":46}},"type":"binary-expr","locations":[{"start":{"line":379,"column":19},"end":{"line":379,"column":33}},{"start":{"line":379,"column":37},"end":{"line":379,"column":46}}]},"32":{"loc":{"start":{"line":385,"column":4},"end":{"line":387,"column":5}},"type":"if","locations":[{"start":{"line":385,"column":4},"end":{"line":387,"column":5}}]},"33":{"loc":{"start":{"line":390,"column":4},"end":{"line":399,"column":5}},"type":"if","locations":[{"start":{"line":390,"column":4},"end":{"line":399,"column":5}},{"start":{"line":394,"column":11},"end":{"line":399,"column":5}}]},"34":{"loc":{"start":{"line":394,"column":11},"end":{"line":399,"column":5}},"type":"if","locations":[{"start":{"line":394,"column":11},"end":{"line":399,"column":5}},{"start":{"line":396,"column":11},"end":{"line":399,"column":5}}]},"35":{"loc":{"start":{"line":411,"column":4},"end":{"line":467,"column":5}},"type":"if","locations":[{"start":{"line":411,"column":4},"end":{"line":467,"column":5}},{"start":{"line":428,"column":11},"end":{"line":467,"column":5}}]},"36":{"loc":{"start":{"line":419,"column":14},"end":{"line":426,"column":21}},"type":"cond-expr","locations":[{"start":{"line":420,"column":12},"end":{"line":425,"column":null}},{"start":{"line":426,"column":12},"end":{"line":426,"column":21}}]},"37":{"loc":{"start":{"line":428,"column":11},"end":{"line":467,"column":5}},"type":"if","locations":[{"start":{"line":428,"column":11},"end":{"line":467,"column":5}},{"start":{"line":450,"column":11},"end":{"line":467,"column":5}}]},"38":{"loc":{"start":{"line":430,"column":22},"end":{"line":430,"column":60}},"type":"cond-expr","locations":[{"start":{"line":430,"column":38},"end":{"line":430,"column":53}},{"start":{"line":430,"column":56},"end":{"line":430,"column":60}}]},"39":{"loc":{"start":{"line":435,"column":16},"end":{"line":437,"column":35}},"type":"cond-expr","locations":[{"start":{"line":436,"column":12},"end":{"line":436,"column":39}},{"start":{"line":437,"column":12},"end":{"line":437,"column":35}}]},"40":{"loc":{"start":{"line":441,"column":12},"end":{"line":448,"column":25}},"type":"cond-expr","locations":[{"start":{"line":442,"column":16},"end":{"line":447,"column":null}},{"start":{"line":448,"column":16},"end":{"line":448,"column":25}}]},"41":{"loc":{"start":{"line":441,"column":12},"end":{"line":441,"column":49}},"type":"binary-expr","locations":[{"start":{"line":441,"column":12},"end":{"line":441,"column":24}},{"start":{"line":441,"column":28},"end":{"line":441,"column":49}}]},"42":{"loc":{"start":{"line":458,"column":14},"end":{"line":465,"column":21}},"type":"cond-expr","locations":[{"start":{"line":459,"column":12},"end":{"line":464,"column":null}},{"start":{"line":465,"column":12},"end":{"line":465,"column":21}}]}},"s":{"0":0,"1":0,"2":0,"3":0,"4":0,"5":0,"6":0,"7":0,"8":0,"9":0,"10":0,"11":0,"12":0,"13":0,"14":0,"15":0,"16":0,"17":0,"18":0,"19":0,"20":0,"21":0,"22":0,"23":0,"24":0,"25":0,"26":0,"27":0,"28":0,"29":0,"30":0,"31":0,"32":0,"33":0,"34":0,"35":0,"36":0,"37":0,"38":0,"39":0,"40":0,"41":0,"42":0,"43":0,"44":0,"45":0,"46":0,"47":0,"48":0,"49":0,"50":0,"51":0,"52":0,"53":0,"54":0,"55":0,"56":0,"57":0,"58":0,"59":0,"60":0,"61":0,"62":0,"63":0,"64":0,"65":0,"66":0,"67":0,"68":0,"69":0,"70":0,"71":0,"72":0,"73":0,"74":0,"75":0,"76":0,"77":0,"78":0,"79":0,"80":0,"81":0,"82":0,"83":0,"84":0,"85":0,"86":0,"87":0,"88":0,"89":0,"90":0,"91":0,"92":0,"93":0,"94":0,"95":0,"96":0,"97":0,"98":0,"99":0,"100":0,"101":0,"102":0,"103":0,"104":0,"105":0,"106":0,"107":0,"108":0},"f":{"0":0,"1":0,"2":0,"3":0,"4":0,"5":0,"6":0,"7":0,"8":0,"9":0,"10":0,"11":0,"12":0,"13":0,"14":0,"15":0},"b":{"0":[0,0],"1":[0,0],"2":[0],"3":[0,0],"4":[0,0],"5":[0],"6":[0,0],"7":[0,0],"8":[0],"9":[0,0],"10":[0,0],"11":[0],"12":[0,0],"13":[0,0],"14":[0],"15":[0,0],"16":[0,0],"17":[0,0],"18":[0,0],"19":[0,0],"20":[0],"21":[0,0],"22":[0,0],"23":[0],"24":[0,0],"25":[0,0],"26":[0],"27":[0,0],"28":[0,0],"29":[0,0],"30":[0,0],"31":[0,0],"32":[0],"33":[0,0],"34":[0,0],"35":[0,0],"36":[0,0],"37":[0,0],"38":[0,0],"39":[0,0],"40":[0,0],"41":[0,0],"42":[0,0]}}
,"Z:\\Cosmik AI\\App Bubble\\social-network-lite\\backend\\src\\features\\posts\\post.validation.ts": {"path":"Z:\\Cosmik AI\\App Bubble\\social-network-lite\\backend\\src\\features\\posts\\post.validation.ts","statementMap":{"0":{"start":{"line":5,"column":0},"end":{"line":5,"column":41}},"1":{"start":{"line":10,"column":13},"end":{"line":18,"column":2}},"2":{"start":{"line":23,"column":13},"end":{"line":31,"column":2}}},"fnMap":{},"branchMap":{},"s":{"0":0,"1":0,"2":0},"f":{},"b":{}}
,"Z:\\Cosmik AI\\App Bubble\\social-network-lite\\backend\\src\\features\\users\\user.schema.ts": {"path":"Z:\\Cosmik AI\\App Bubble\\social-network-lite\\backend\\src\\features\\users\\user.schema.ts","statementMap":{"0":{"start":{"line":5,"column":0},"end":{"line":5,"column":54}},"1":{"start":{"line":6,"column":0},"end":{"line":6,"column":45}},"2":{"start":{"line":26,"column":27},"end":{"line":66,"column":null}},"3":{"start":{"line":70,"column":13},"end":{"line":70,"column":67}}},"fnMap":{},"branchMap":{},"s":{"0":1,"1":1,"2":1,"3":1},"f":{},"b":{}}
,"Z:\\Cosmik AI\\App Bubble\\social-network-lite\\backend\\src\\middleware\\auth.middleware.ts": {"path":"Z:\\Cosmik AI\\App Bubble\\social-network-lite\\backend\\src\\middleware\\auth.middleware.ts","statementMap":{"0":{"start":{"line":7,"column":0},"end":{"line":7,"column":42}},"1":{"start":{"line":34,"column":28},"end":{"line":57,"column":1}},"2":{"start":{"line":39,"column":2},"end":{"line":56,"column":3}},"3":{"start":{"line":41,"column":23},"end":{"line":41,"column":62}},"4":{"start":{"line":42,"column":4},"end":{"line":49,"column":5}},"5":{"start":{"line":43,"column":6},"end":{"line":47,"column":8}},"6":{"start":{"line":48,"column":6},"end":{"line":48,"column":20}},"7":{"start":{"line":53,"column":4},"end":{"line":53,"column":68}},"8":{"start":{"line":55,"column":4},"end":{"line":55,"column":63}},"9":{"start":{"line":34,"column":13},"end":{"line":34,"column":28}},"10":{"start":{"line":64,"column":27},"end":{"line":80,"column":1}},"11":{"start":{"line":64,"column":43},"end":{"line":80,"column":1}},"12":{"start":{"line":66,"column":2},"end":{"line":69,"column":3}},"13":{"start":{"line":67,"column":4},"end":{"line":67,"column":66}},"14":{"start":{"line":68,"column":4},"end":{"line":68,"column":11}},"15":{"start":{"line":72,"column":2},"end":{"line":77,"column":3}},"16":{"start":{"line":73,"column":4},"end":{"line":75,"column":7}},"17":{"start":{"line":76,"column":4},"end":{"line":76,"column":11}},"18":{"start":{"line":79,"column":2},"end":{"line":79,"column":9}},"19":{"start":{"line":64,"column":13},"end":{"line":64,"column":27}},"20":{"start":{"line":88,"column":28},"end":{"line":108,"column":1}},"21":{"start":{"line":94,"column":2},"end":{"line":97,"column":3}},"22":{"start":{"line":95,"column":4},"end":{"line":95,"column":66}},"23":{"start":{"line":96,"column":4},"end":{"line":96,"column":11}},"24":{"start":{"line":100,"column":2},"end":{"line":105,"column":3}},"25":{"start":{"line":101,"column":4},"end":{"line":103,"column":7}},"26":{"start":{"line":104,"column":4},"end":{"line":104,"column":11}},"27":{"start":{"line":107,"column":2},"end":{"line":107,"column":9}},"28":{"start":{"line":88,"column":13},"end":{"line":88,"column":28}}},"fnMap":{"0":{"name":"(anonymous_0)","decl":{"start":{"line":34,"column":28},"end":{"line":34,"column":null}},"loc":{"start":{"line":38,"column":10},"end":{"line":57,"column":1}}},"1":{"name":"(anonymous_1)","decl":{"start":{"line":64,"column":27},"end":{"line":64,"column":28}},"loc":{"start":{"line":64,"column":43},"end":{"line":80,"column":1}}},"2":{"name":"(anonymous_2)","decl":{"start":{"line":64,"column":43},"end":{"line":64,"column":44}},"loc":{"start":{"line":64,"column":101},"end":{"line":80,"column":1}}},"3":{"name":"(anonymous_3)","decl":{"start":{"line":88,"column":28},"end":{"line":88,"column":null}},"loc":{"start":{"line":92,"column":10},"end":{"line":108,"column":1}}}},"branchMap":{"0":{"loc":{"start":{"line":42,"column":4},"end":{"line":49,"column":5}},"type":"if","locations":[{"start":{"line":42,"column":4},"end":{"line":49,"column":5}}]},"1":{"loc":{"start":{"line":66,"column":2},"end":{"line":69,"column":3}},"type":"if","locations":[{"start":{"line":66,"column":2},"end":{"line":69,"column":3}}]},"2":{"loc":{"start":{"line":72,"column":2},"end":{"line":77,"column":3}},"type":"if","locations":[{"start":{"line":72,"column":2},"end":{"line":77,"column":3}}]},"3":{"loc":{"start":{"line":94,"column":2},"end":{"line":97,"column":3}},"type":"if","locations":[{"start":{"line":94,"column":2},"end":{"line":97,"column":3}}]},"4":{"loc":{"start":{"line":100,"column":2},"end":{"line":105,"column":3}},"type":"if","locations":[{"start":{"line":100,"column":2},"end":{"line":105,"column":3}}]}},"s":{"0":0,"1":0,"2":0,"3":0,"4":0,"5":0,"6":0,"7":0,"8":0,"9":0,"10":0,"11":0,"12":0,"13":0,"14":0,"15":0,"16":0,"17":0,"18":0,"19":0,"20":0,"21":0,"22":0,"23":0,"24":0,"25":0,"26":0,"27":0,"28":0},"f":{"0":0,"1":0,"2":0,"3":0},"b":{"0":[0],"1":[0],"2":[0],"3":[0],"4":[0]}}
,"Z:\\Cosmik AI\\App Bubble\\social-network-lite\\backend\\src\\types\\role.enum.ts": {"path":"Z:\\Cosmik AI\\App Bubble\\social-network-lite\\backend\\src\\types\\role.enum.ts","statementMap":{"0":{"start":{"line":4,"column":0},"end":{"line":4,"column":null}},"1":{"start":{"line":5,"column":2},"end":{"line":5,"column":null}},"2":{"start":{"line":6,"column":2},"end":{"line":6,"column":null}}},"fnMap":{"0":{"name":"(anonymous_0)","decl":{"start":{"line":4,"column":0},"end":{"line":4,"column":12}},"loc":{"start":{"line":4,"column":16},"end":{"line":7,"column":1}}}},"branchMap":{"0":{"loc":{"start":{"line":4,"column":12},"end":{"line":4,"column":null}},"type":"binary-expr","locations":[{"start":{"line":4,"column":12},"end":{"line":4,"column":16}},{"start":{"line":4,"column":16},"end":{"line":4,"column":null}}]}},"s":{"0":1,"1":1,"2":1},"f":{"0":1},"b":{"0":[1,1]}}
}
